<?xml version="1.0" encoding="UTF-8"?>
<testng-results ignored="0" total="1" passed="1" failed="0" skipped="0">
  <reporter-output>
  </reporter-output>
  <suite started-at="2023-12-04T20:53:12 IST" name="Suite" finished-at="2023-12-04T20:54:36 IST" duration-ms="83413">
    <groups>
    </groups>
    <test started-at="2023-12-04T20:53:12 IST" name="Test" finished-at="2023-12-04T20:54:36 IST" duration-ms="83413">
      <class name="assignments_testcases.LoginTest_Assignment">
        <test-method is-config="true" signature="openApplication(java.lang.String)[pri:0, instance:assignments_testcases.LoginTest_Assignment@3b0090a4]" started-at="2023-12-04T20:53:14 IST" name="openApplication" finished-at="2023-12-04T20:54:22 IST" duration-ms="67954" status="PASS">
          <params>
            <param index="0">
              <value>
                <![CDATA[chrome]]>
              </value>
            </param>
          </params>
          <reporter-output>
          </reporter-output>
        </test-method> <!-- openApplication -->
        <test-method signature="logintest()[pri:0, instance:assignments_testcases.LoginTest_Assignment@3b0090a4]" started-at="2023-12-04T20:54:22 IST" name="logintest" finished-at="2023-12-04T20:54:36 IST" duration-ms="13355" status="PASS">
          <reporter-output>
          </reporter-output>
        </test-method> <!-- logintest -->
      </class> <!-- assignments_testcases.LoginTest_Assignment -->
    </test> <!-- Test -->
  </suite> <!-- Suite -->
</testng-results>
